[2024-01-06-09:17:47] [DEBUG] sql: Executing (default): SELECT TABLE_NAME FROM INFORMATION_SCHEMA.TABLES WHERE TABLE_TYPE = 'BASE TABLE' AND TABLE_NAME = 'Test' AND TABLE_SCHEMA = 'global'

[2024-01-06-09:17:47] [DEBUG] sql: Executing (default): SHOW FULL COLUMNS FROM `Test`;

[2024-01-06-09:17:47] [DEBUG] sql: Executing (default): SELECT CONSTRAINT_NAME as constraint_name,CONSTRAINT_NAME as constraintName,CONSTRAINT_SCHEMA as constraintSchema,CONSTRAINT_SCHEMA as constraintCatalog,TABLE_NAME as tableName,TABLE_SCHEMA as tableSchema,TABLE_SCHEMA as tableCatalog,COLUMN_NAME as columnName,REFERENCED_TABLE_SCHEMA as referencedTableSchema,REFERENCED_TABLE_SCHEMA as referencedTableCatalog,REFERENCED_TABLE_NAME as referencedTableName,REFERENCED_COLUMN_NAME as referencedColumnName FROM INFORMATION_SCHEMA.KEY_COLUMN_USAGE where TABLE_NAME = 'Test' AND CONSTRAINT_NAME!='PRIMARY' AND CONSTRAINT_SCHEMA='global' AND REFERENCED_TABLE_NAME IS NOT NULL;

[2024-01-06-09:17:47] [DEBUG] sql: Executing (default): ALTER TABLE `Test` ADD `createdAt` DATETIME NOT NULL;

[2024-01-06-09:17:53] [DEBUG] sql: Executing (default): SELECT TABLE_NAME FROM INFORMATION_SCHEMA.TABLES WHERE TABLE_TYPE = 'BASE TABLE' AND TABLE_NAME = 'Test' AND TABLE_SCHEMA = 'global'

[2024-01-06-09:17:53] [DEBUG] sql: Executing (default): SHOW FULL COLUMNS FROM `Test`;

[2024-01-06-09:17:53] [DEBUG] sql: Executing (default): SELECT CONSTRAINT_NAME as constraint_name,CONSTRAINT_NAME as constraintName,CONSTRAINT_SCHEMA as constraintSchema,CONSTRAINT_SCHEMA as constraintCatalog,TABLE_NAME as tableName,TABLE_SCHEMA as tableSchema,TABLE_SCHEMA as tableCatalog,COLUMN_NAME as columnName,REFERENCED_TABLE_SCHEMA as referencedTableSchema,REFERENCED_TABLE_SCHEMA as referencedTableCatalog,REFERENCED_TABLE_NAME as referencedTableName,REFERENCED_COLUMN_NAME as referencedColumnName FROM INFORMATION_SCHEMA.KEY_COLUMN_USAGE where TABLE_NAME = 'Test' AND CONSTRAINT_NAME!='PRIMARY' AND CONSTRAINT_SCHEMA='global' AND REFERENCED_TABLE_NAME IS NOT NULL;

[2024-01-06-09:17:53] [DEBUG] sql: Executing (default): ALTER TABLE `Test` CHANGE `name` `name` VARCHAR(255);

[2024-01-06-09:17:53] [DEBUG] sql: Executing (default): ALTER TABLE `Test` CHANGE `age` `age` VARCHAR(255);

[2024-01-06-09:17:53] [DEBUG] sql: Executing (default): ALTER TABLE `Test` CHANGE `address` `address` VARCHAR(255);

[2024-01-06-09:17:53] [DEBUG] sql: Executing (default): SHOW INDEX FROM `Test`

[2024-01-06-09:17:56] [DEBUG] sql: Executing (default): SELECT TABLE_NAME FROM INFORMATION_SCHEMA.TABLES WHERE TABLE_TYPE = 'BASE TABLE' AND TABLE_NAME = 'Test' AND TABLE_SCHEMA = 'global'

[2024-01-06-09:17:56] [DEBUG] sql: Executing (default): SHOW FULL COLUMNS FROM `Test`;

[2024-01-06-09:17:56] [DEBUG] sql: Executing (default): SELECT CONSTRAINT_NAME as constraint_name,CONSTRAINT_NAME as constraintName,CONSTRAINT_SCHEMA as constraintSchema,CONSTRAINT_SCHEMA as constraintCatalog,TABLE_NAME as tableName,TABLE_SCHEMA as tableSchema,TABLE_SCHEMA as tableCatalog,COLUMN_NAME as columnName,REFERENCED_TABLE_SCHEMA as referencedTableSchema,REFERENCED_TABLE_SCHEMA as referencedTableCatalog,REFERENCED_TABLE_NAME as referencedTableName,REFERENCED_COLUMN_NAME as referencedColumnName FROM INFORMATION_SCHEMA.KEY_COLUMN_USAGE where TABLE_NAME = 'Test' AND CONSTRAINT_NAME!='PRIMARY' AND CONSTRAINT_SCHEMA='global' AND REFERENCED_TABLE_NAME IS NOT NULL;

[2024-01-06-09:17:56] [DEBUG] sql: Executing (default): ALTER TABLE `Test` CHANGE `name` `name` VARCHAR(255);

[2024-01-06-09:17:56] [DEBUG] sql: Executing (default): ALTER TABLE `Test` CHANGE `age` `age` VARCHAR(255);

[2024-01-06-09:17:57] [DEBUG] sql: Executing (default): ALTER TABLE `Test` CHANGE `address` `address` VARCHAR(255);

[2024-01-06-09:17:57] [DEBUG] sql: Executing (default): SHOW INDEX FROM `Test`

[2024-01-06-09:19:53] [DEBUG] sql: Executing (default): SELECT TABLE_NAME FROM INFORMATION_SCHEMA.TABLES WHERE TABLE_TYPE = 'BASE TABLE' AND TABLE_NAME = 'Test' AND TABLE_SCHEMA = 'global'

[2024-01-06-09:19:53] [DEBUG] sql: Executing (default): SHOW FULL COLUMNS FROM `Test`;

[2024-01-06-09:19:53] [DEBUG] sql: Executing (default): SELECT CONSTRAINT_NAME as constraint_name,CONSTRAINT_NAME as constraintName,CONSTRAINT_SCHEMA as constraintSchema,CONSTRAINT_SCHEMA as constraintCatalog,TABLE_NAME as tableName,TABLE_SCHEMA as tableSchema,TABLE_SCHEMA as tableCatalog,COLUMN_NAME as columnName,REFERENCED_TABLE_SCHEMA as referencedTableSchema,REFERENCED_TABLE_SCHEMA as referencedTableCatalog,REFERENCED_TABLE_NAME as referencedTableName,REFERENCED_COLUMN_NAME as referencedColumnName FROM INFORMATION_SCHEMA.KEY_COLUMN_USAGE where TABLE_NAME = 'Test' AND CONSTRAINT_NAME!='PRIMARY' AND CONSTRAINT_SCHEMA='global' AND REFERENCED_TABLE_NAME IS NOT NULL;

[2024-01-06-09:19:53] [DEBUG] sql: Executing (default): ALTER TABLE `Test` CHANGE `name` `name` VARCHAR(255);

[2024-01-06-09:19:53] [DEBUG] sql: Executing (default): ALTER TABLE `Test` CHANGE `age` `age` VARCHAR(255);

[2024-01-06-09:19:53] [DEBUG] sql: Executing (default): ALTER TABLE `Test` CHANGE `address` `address` VARCHAR(255);

[2024-01-06-09:19:53] [DEBUG] sql: Executing (default): SHOW INDEX FROM `Test`

[2024-01-06-09:20:14] [DEBUG] sql: Executing (default): SELECT TABLE_NAME FROM INFORMATION_SCHEMA.TABLES WHERE TABLE_TYPE = 'BASE TABLE' AND TABLE_NAME = 'Test' AND TABLE_SCHEMA = 'global'

[2024-01-06-09:20:14] [DEBUG] sql: Executing (default): SHOW FULL COLUMNS FROM `Test`;

[2024-01-06-09:20:14] [DEBUG] sql: Executing (default): SELECT CONSTRAINT_NAME as constraint_name,CONSTRAINT_NAME as constraintName,CONSTRAINT_SCHEMA as constraintSchema,CONSTRAINT_SCHEMA as constraintCatalog,TABLE_NAME as tableName,TABLE_SCHEMA as tableSchema,TABLE_SCHEMA as tableCatalog,COLUMN_NAME as columnName,REFERENCED_TABLE_SCHEMA as referencedTableSchema,REFERENCED_TABLE_SCHEMA as referencedTableCatalog,REFERENCED_TABLE_NAME as referencedTableName,REFERENCED_COLUMN_NAME as referencedColumnName FROM INFORMATION_SCHEMA.KEY_COLUMN_USAGE where TABLE_NAME = 'Test' AND CONSTRAINT_NAME!='PRIMARY' AND CONSTRAINT_SCHEMA='global' AND REFERENCED_TABLE_NAME IS NOT NULL;

[2024-01-06-09:20:14] [DEBUG] sql: Executing (default): ALTER TABLE `Test` CHANGE `name` `name` VARCHAR(255);

[2024-01-06-09:20:14] [DEBUG] sql: Executing (default): ALTER TABLE `Test` CHANGE `age` `age` VARCHAR(255);

[2024-01-06-09:20:14] [DEBUG] sql: Executing (default): ALTER TABLE `Test` CHANGE `address` `address` VARCHAR(255);

[2024-01-06-09:20:14] [DEBUG] sql: Executing (default): SHOW INDEX FROM `Test`

[2024-01-06-09:20:27] [DEBUG] sql: Executing (default): SELECT TABLE_NAME FROM INFORMATION_SCHEMA.TABLES WHERE TABLE_TYPE = 'BASE TABLE' AND TABLE_NAME = 'Test' AND TABLE_SCHEMA = 'global'

[2024-01-06-09:20:27] [DEBUG] sql: Executing (default): SHOW FULL COLUMNS FROM `Test`;

[2024-01-06-09:20:27] [DEBUG] sql: Executing (default): SELECT CONSTRAINT_NAME as constraint_name,CONSTRAINT_NAME as constraintName,CONSTRAINT_SCHEMA as constraintSchema,CONSTRAINT_SCHEMA as constraintCatalog,TABLE_NAME as tableName,TABLE_SCHEMA as tableSchema,TABLE_SCHEMA as tableCatalog,COLUMN_NAME as columnName,REFERENCED_TABLE_SCHEMA as referencedTableSchema,REFERENCED_TABLE_SCHEMA as referencedTableCatalog,REFERENCED_TABLE_NAME as referencedTableName,REFERENCED_COLUMN_NAME as referencedColumnName FROM INFORMATION_SCHEMA.KEY_COLUMN_USAGE where TABLE_NAME = 'Test' AND CONSTRAINT_NAME!='PRIMARY' AND CONSTRAINT_SCHEMA='global' AND REFERENCED_TABLE_NAME IS NOT NULL;

[2024-01-06-09:20:27] [DEBUG] sql: Executing (default): ALTER TABLE `Test` CHANGE `name` `name` VARCHAR(255);

[2024-01-06-09:20:27] [DEBUG] sql: Executing (default): ALTER TABLE `Test` CHANGE `age` `age` VARCHAR(255);

[2024-01-06-09:20:27] [DEBUG] sql: Executing (default): ALTER TABLE `Test` CHANGE `address` `address` VARCHAR(255);

[2024-01-06-09:20:27] [DEBUG] sql: Executing (default): SHOW INDEX FROM `Test`

[2024-01-06-09:20:57] [DEBUG] sql: Executing (default): SELECT TABLE_NAME FROM INFORMATION_SCHEMA.TABLES WHERE TABLE_TYPE = 'BASE TABLE' AND TABLE_NAME = 'Test' AND TABLE_SCHEMA = 'global'

[2024-01-06-09:20:57] [DEBUG] sql: Executing (default): SHOW FULL COLUMNS FROM `Test`;

[2024-01-06-09:20:57] [DEBUG] sql: Executing (default): SELECT CONSTRAINT_NAME as constraint_name,CONSTRAINT_NAME as constraintName,CONSTRAINT_SCHEMA as constraintSchema,CONSTRAINT_SCHEMA as constraintCatalog,TABLE_NAME as tableName,TABLE_SCHEMA as tableSchema,TABLE_SCHEMA as tableCatalog,COLUMN_NAME as columnName,REFERENCED_TABLE_SCHEMA as referencedTableSchema,REFERENCED_TABLE_SCHEMA as referencedTableCatalog,REFERENCED_TABLE_NAME as referencedTableName,REFERENCED_COLUMN_NAME as referencedColumnName FROM INFORMATION_SCHEMA.KEY_COLUMN_USAGE where TABLE_NAME = 'Test' AND CONSTRAINT_NAME!='PRIMARY' AND CONSTRAINT_SCHEMA='global' AND REFERENCED_TABLE_NAME IS NOT NULL;

[2024-01-06-09:20:57] [DEBUG] sql: Executing (default): ALTER TABLE `Test` CHANGE `name` `name` VARCHAR(255);

[2024-01-06-09:20:57] [DEBUG] sql: Executing (default): ALTER TABLE `Test` CHANGE `age` `age` VARCHAR(255);

[2024-01-06-09:20:57] [DEBUG] sql: Executing (default): ALTER TABLE `Test` CHANGE `address` `address` VARCHAR(255);

[2024-01-06-09:20:57] [DEBUG] sql: Executing (default): SHOW INDEX FROM `Test`

[2024-01-06-09:21:31] [DEBUG] sql: Executing (default): SELECT TABLE_NAME FROM INFORMATION_SCHEMA.TABLES WHERE TABLE_TYPE = 'BASE TABLE' AND TABLE_NAME = 'Test' AND TABLE_SCHEMA = 'global'

[2024-01-06-09:21:31] [DEBUG] sql: Executing (default): INSERT INTO `Test` (`id`,`name`,`age`,`address`) VALUES (DEFAULT,?,?,?);

[2024-01-06-09:21:31] [DEBUG] sql: Executing (default): SHOW FULL COLUMNS FROM `Test`;

[2024-01-06-09:21:31] [DEBUG] sql: Executing (default): SELECT CONSTRAINT_NAME as constraint_name,CONSTRAINT_NAME as constraintName,CONSTRAINT_SCHEMA as constraintSchema,CONSTRAINT_SCHEMA as constraintCatalog,TABLE_NAME as tableName,TABLE_SCHEMA as tableSchema,TABLE_SCHEMA as tableCatalog,COLUMN_NAME as columnName,REFERENCED_TABLE_SCHEMA as referencedTableSchema,REFERENCED_TABLE_SCHEMA as referencedTableCatalog,REFERENCED_TABLE_NAME as referencedTableName,REFERENCED_COLUMN_NAME as referencedColumnName FROM INFORMATION_SCHEMA.KEY_COLUMN_USAGE where TABLE_NAME = 'Test' AND CONSTRAINT_NAME!='PRIMARY' AND CONSTRAINT_SCHEMA='global' AND REFERENCED_TABLE_NAME IS NOT NULL;

[2024-01-06-09:22:08] [DEBUG] sql: Executing (default): SELECT TABLE_NAME FROM INFORMATION_SCHEMA.TABLES WHERE TABLE_TYPE = 'BASE TABLE' AND TABLE_NAME = 'Test' AND TABLE_SCHEMA = 'global'

[2024-01-06-09:22:08] [DEBUG] sql: Executing (default): INSERT INTO `Test` (`id`,`name`,`age`,`address`) VALUES (?,?,?,?);

[2024-01-06-09:22:08] [DEBUG] sql: Executing (default): SHOW FULL COLUMNS FROM `Test`;

[2024-01-06-09:22:08] [DEBUG] sql: Executing (default): SELECT CONSTRAINT_NAME as constraint_name,CONSTRAINT_NAME as constraintName,CONSTRAINT_SCHEMA as constraintSchema,CONSTRAINT_SCHEMA as constraintCatalog,TABLE_NAME as tableName,TABLE_SCHEMA as tableSchema,TABLE_SCHEMA as tableCatalog,COLUMN_NAME as columnName,REFERENCED_TABLE_SCHEMA as referencedTableSchema,REFERENCED_TABLE_SCHEMA as referencedTableCatalog,REFERENCED_TABLE_NAME as referencedTableName,REFERENCED_COLUMN_NAME as referencedColumnName FROM INFORMATION_SCHEMA.KEY_COLUMN_USAGE where TABLE_NAME = 'Test' AND CONSTRAINT_NAME!='PRIMARY' AND CONSTRAINT_SCHEMA='global' AND REFERENCED_TABLE_NAME IS NOT NULL;

[2024-01-06-09:22:08] [DEBUG] sql: Executing (default): ALTER TABLE `Test` CHANGE `name` `name` VARCHAR(255);

[2024-01-06-09:22:08] [DEBUG] sql: Executing (default): ALTER TABLE `Test` CHANGE `age` `age` VARCHAR(255);

[2024-01-06-09:22:08] [DEBUG] sql: Executing (default): ALTER TABLE `Test` CHANGE `address` `address` VARCHAR(255);

[2024-01-06-09:22:08] [DEBUG] sql: Executing (default): SHOW INDEX FROM `Test`

[2024-01-06-09:22:33] [DEBUG] sql: Executing (default): SELECT TABLE_NAME FROM INFORMATION_SCHEMA.TABLES WHERE TABLE_TYPE = 'BASE TABLE' AND TABLE_NAME = 'Test' AND TABLE_SCHEMA = 'global'

[2024-01-06-09:22:33] [DEBUG] sql: Executing (default): SHOW FULL COLUMNS FROM `Test`;

[2024-01-06-09:22:33] [DEBUG] sql: Executing (default): SELECT CONSTRAINT_NAME as constraint_name,CONSTRAINT_NAME as constraintName,CONSTRAINT_SCHEMA as constraintSchema,CONSTRAINT_SCHEMA as constraintCatalog,TABLE_NAME as tableName,TABLE_SCHEMA as tableSchema,TABLE_SCHEMA as tableCatalog,COLUMN_NAME as columnName,REFERENCED_TABLE_SCHEMA as referencedTableSchema,REFERENCED_TABLE_SCHEMA as referencedTableCatalog,REFERENCED_TABLE_NAME as referencedTableName,REFERENCED_COLUMN_NAME as referencedColumnName FROM INFORMATION_SCHEMA.KEY_COLUMN_USAGE where TABLE_NAME = 'Test' AND CONSTRAINT_NAME!='PRIMARY' AND CONSTRAINT_SCHEMA='global' AND REFERENCED_TABLE_NAME IS NOT NULL;

[2024-01-06-09:22:33] [DEBUG] sql: Executing (default): ALTER TABLE `Test` CHANGE `name` `name` VARCHAR(255);

[2024-01-06-09:22:33] [DEBUG] sql: Executing (default): ALTER TABLE `Test` CHANGE `age` `age` VARCHAR(255);

[2024-01-06-09:22:33] [DEBUG] sql: Executing (default): ALTER TABLE `Test` CHANGE `address` `address` VARCHAR(255);

[2024-01-06-09:22:33] [DEBUG] sql: Executing (default): SHOW INDEX FROM `Test`

[2024-01-06-09:22:39] [DEBUG] sql: Executing (default): SELECT TABLE_NAME FROM INFORMATION_SCHEMA.TABLES WHERE TABLE_TYPE = 'BASE TABLE' AND TABLE_NAME = 'Test' AND TABLE_SCHEMA = 'global'

[2024-01-06-09:22:39] [DEBUG] sql: Executing (default): SHOW FULL COLUMNS FROM `Test`;

[2024-01-06-09:22:39] [DEBUG] sql: Executing (default): SELECT CONSTRAINT_NAME as constraint_name,CONSTRAINT_NAME as constraintName,CONSTRAINT_SCHEMA as constraintSchema,CONSTRAINT_SCHEMA as constraintCatalog,TABLE_NAME as tableName,TABLE_SCHEMA as tableSchema,TABLE_SCHEMA as tableCatalog,COLUMN_NAME as columnName,REFERENCED_TABLE_SCHEMA as referencedTableSchema,REFERENCED_TABLE_SCHEMA as referencedTableCatalog,REFERENCED_TABLE_NAME as referencedTableName,REFERENCED_COLUMN_NAME as referencedColumnName FROM INFORMATION_SCHEMA.KEY_COLUMN_USAGE where TABLE_NAME = 'Test' AND CONSTRAINT_NAME!='PRIMARY' AND CONSTRAINT_SCHEMA='global' AND REFERENCED_TABLE_NAME IS NOT NULL;

[2024-01-06-09:22:39] [DEBUG] sql: Executing (default): ALTER TABLE `Test` CHANGE `name` `name` VARCHAR(255);

[2024-01-06-09:22:39] [DEBUG] sql: Executing (default): ALTER TABLE `Test` CHANGE `age` `age` VARCHAR(255);

[2024-01-06-09:22:39] [DEBUG] sql: Executing (default): ALTER TABLE `Test` CHANGE `address` `address` VARCHAR(255);

[2024-01-06-09:22:39] [DEBUG] sql: Executing (default): SHOW INDEX FROM `Test`

[2024-01-06-09:26:01] [DEBUG] sql: Executing (default): SELECT TABLE_NAME FROM INFORMATION_SCHEMA.TABLES WHERE TABLE_TYPE = 'BASE TABLE' AND TABLE_NAME = 'Test' AND TABLE_SCHEMA = 'global'

[2024-01-06-09:26:01] [DEBUG] sql: Executing (default): SHOW FULL COLUMNS FROM `Test`;

[2024-01-06-09:26:01] [DEBUG] sql: Executing (default): SELECT CONSTRAINT_NAME as constraint_name,CONSTRAINT_NAME as constraintName,CONSTRAINT_SCHEMA as constraintSchema,CONSTRAINT_SCHEMA as constraintCatalog,TABLE_NAME as tableName,TABLE_SCHEMA as tableSchema,TABLE_SCHEMA as tableCatalog,COLUMN_NAME as columnName,REFERENCED_TABLE_SCHEMA as referencedTableSchema,REFERENCED_TABLE_SCHEMA as referencedTableCatalog,REFERENCED_TABLE_NAME as referencedTableName,REFERENCED_COLUMN_NAME as referencedColumnName FROM INFORMATION_SCHEMA.KEY_COLUMN_USAGE where TABLE_NAME = 'Test' AND CONSTRAINT_NAME!='PRIMARY' AND CONSTRAINT_SCHEMA='global' AND REFERENCED_TABLE_NAME IS NOT NULL;

[2024-01-06-09:26:01] [DEBUG] sql: Executing (default): ALTER TABLE `Test` CHANGE `name` `name` VARCHAR(255);

[2024-01-06-09:26:01] [DEBUG] sql: Executing (default): ALTER TABLE `Test` CHANGE `age` `age` VARCHAR(255);

[2024-01-06-09:26:01] [DEBUG] sql: Executing (default): ALTER TABLE `Test` CHANGE `address` `address` VARCHAR(255);

[2024-01-06-09:26:01] [DEBUG] sql: Executing (default): SHOW INDEX FROM `Test`

[2024-01-06-09:26:14] [DEBUG] sql: Executing (default): SELECT TABLE_NAME FROM INFORMATION_SCHEMA.TABLES WHERE TABLE_TYPE = 'BASE TABLE' AND TABLE_NAME = 'Test' AND TABLE_SCHEMA = 'global'

[2024-01-06-09:26:14] [DEBUG] sql: Executing (default): INSERT INTO `Test` (`id`,`name`,`age`,`address`) VALUES (DEFAULT,?,?,?);

[2024-01-06-09:26:26] [DEBUG] sql: Executing (default): SELECT TABLE_NAME FROM INFORMATION_SCHEMA.TABLES WHERE TABLE_TYPE = 'BASE TABLE' AND TABLE_NAME = 'Test' AND TABLE_SCHEMA = 'global'

[2024-01-06-09:26:26] [DEBUG] sql: Executing (default): INSERT INTO `Test` (`id`,`name`,`age`,`address`) VALUES (DEFAULT,?,?,?);

[2024-01-06-09:26:26] [DEBUG] sql: Executing (default): SHOW FULL COLUMNS FROM `Test`;

[2024-01-06-09:32:59] [DEBUG] sql: Executing (default): SELECT TABLE_NAME FROM INFORMATION_SCHEMA.TABLES WHERE TABLE_TYPE = 'BASE TABLE' AND TABLE_NAME = 'Test' AND TABLE_SCHEMA = 'global'

[2024-01-06-09:32:59] [DEBUG] sql: Executing (default): INSERT INTO `Test` (`id`,`name`,`age`,`address`) VALUES (DEFAULT,?,?,?);

[2024-01-06-09:35:16] [DEBUG] sql: Executing (default): SELECT TABLE_NAME FROM INFORMATION_SCHEMA.TABLES WHERE TABLE_TYPE = 'BASE TABLE' AND TABLE_NAME = 'User' AND TABLE_SCHEMA = 'global'

[2024-01-06-09:35:16] [DEBUG] sql: Executing (default): INSERT INTO `User` (`id`,`name`,`age`,`address`) VALUES (DEFAULT,?,?,?);

[2024-01-06-09:35:58] [DEBUG] sql: Executing (default): SELECT TABLE_NAME FROM INFORMATION_SCHEMA.TABLES WHERE TABLE_TYPE = 'BASE TABLE' AND TABLE_NAME = 'User' AND TABLE_SCHEMA = 'global'

[2024-01-06-09:35:58] [DEBUG] sql: Executing (default): INSERT INTO `User` (`id`,`name`,`age`,`address`) VALUES (?,?,?,?);

[2024-01-06-09:35:58] [DEBUG] sql: Executing (default): CREATE TABLE IF NOT EXISTS `User` (`id` INTEGER auto_increment , `name` VARCHAR(255), `age` VARCHAR(255), `address` VARCHAR(255), PRIMARY KEY (`id`)) ENGINE=InnoDB;

[2024-01-06-09:36:03] [DEBUG] sql: Executing (default): SELECT TABLE_NAME FROM INFORMATION_SCHEMA.TABLES WHERE TABLE_TYPE = 'BASE TABLE' AND TABLE_NAME = 'User' AND TABLE_SCHEMA = 'global'

[2024-01-06-09:36:03] [DEBUG] sql: Executing (default): INSERT INTO `User` (`id`,`name`,`age`,`address`) VALUES (?,?,?,?);

[2024-01-06-09:36:03] [DEBUG] sql: Executing (default): SHOW FULL COLUMNS FROM `User`;

[2024-01-06-09:36:03] [DEBUG] sql: Executing (default): SELECT CONSTRAINT_NAME as constraint_name,CONSTRAINT_NAME as constraintName,CONSTRAINT_SCHEMA as constraintSchema,CONSTRAINT_SCHEMA as constraintCatalog,TABLE_NAME as tableName,TABLE_SCHEMA as tableSchema,TABLE_SCHEMA as tableCatalog,COLUMN_NAME as columnName,REFERENCED_TABLE_SCHEMA as referencedTableSchema,REFERENCED_TABLE_SCHEMA as referencedTableCatalog,REFERENCED_TABLE_NAME as referencedTableName,REFERENCED_COLUMN_NAME as referencedColumnName FROM INFORMATION_SCHEMA.KEY_COLUMN_USAGE where TABLE_NAME = 'User' AND CONSTRAINT_NAME!='PRIMARY' AND CONSTRAINT_SCHEMA='global' AND REFERENCED_TABLE_NAME IS NOT NULL;

[2024-01-06-09:36:03] [DEBUG] sql: Executing (default): ALTER TABLE `User` CHANGE `name` `name` VARCHAR(255);

[2024-01-06-09:36:03] [DEBUG] sql: Executing (default): ALTER TABLE `User` CHANGE `age` `age` VARCHAR(255);

[2024-01-06-09:36:03] [DEBUG] sql: Executing (default): ALTER TABLE `User` CHANGE `address` `address` VARCHAR(255);

[2024-01-06-09:36:03] [DEBUG] sql: Executing (default): SHOW INDEX FROM `User`

[2024-01-06-09:36:44] [DEBUG] sql: Executing (default): SELECT TABLE_NAME FROM INFORMATION_SCHEMA.TABLES WHERE TABLE_TYPE = 'BASE TABLE' AND TABLE_NAME = 'User' AND TABLE_SCHEMA = 'global'

[2024-01-06-09:36:44] [DEBUG] sql: Executing (default): INSERT INTO `User` (`id`,`name`,`age`,`address`) VALUES (?,?,?,?);

[2024-01-06-09:36:44] [DEBUG] sql: Executing (default): SHOW FULL COLUMNS FROM `User`;

[2024-01-06-09:36:44] [DEBUG] sql: Executing (default): SELECT CONSTRAINT_NAME as constraint_name,CONSTRAINT_NAME as constraintName,CONSTRAINT_SCHEMA as constraintSchema,CONSTRAINT_SCHEMA as constraintCatalog,TABLE_NAME as tableName,TABLE_SCHEMA as tableSchema,TABLE_SCHEMA as tableCatalog,COLUMN_NAME as columnName,REFERENCED_TABLE_SCHEMA as referencedTableSchema,REFERENCED_TABLE_SCHEMA as referencedTableCatalog,REFERENCED_TABLE_NAME as referencedTableName,REFERENCED_COLUMN_NAME as referencedColumnName FROM INFORMATION_SCHEMA.KEY_COLUMN_USAGE where TABLE_NAME = 'User' AND CONSTRAINT_NAME!='PRIMARY' AND CONSTRAINT_SCHEMA='global' AND REFERENCED_TABLE_NAME IS NOT NULL;

[2024-01-06-09:36:44] [DEBUG] sql: Executing (default): ALTER TABLE `User` CHANGE `name` `name` VARCHAR(255);

[2024-01-06-09:36:44] [DEBUG] sql: Executing (default): ALTER TABLE `User` CHANGE `age` `age` VARCHAR(255);

[2024-01-06-09:36:44] [DEBUG] sql: Executing (default): ALTER TABLE `User` CHANGE `address` `address` VARCHAR(255);

[2024-01-06-09:36:44] [DEBUG] sql: Executing (default): SHOW INDEX FROM `User`

[2024-01-06-09:36:49] [DEBUG] sql: Executing (default): SELECT TABLE_NAME FROM INFORMATION_SCHEMA.TABLES WHERE TABLE_TYPE = 'BASE TABLE' AND TABLE_NAME = 'User' AND TABLE_SCHEMA = 'global'

[2024-01-06-09:36:49] [DEBUG] sql: Executing (default): INSERT INTO `User` (`id`,`name`,`age`,`address`) VALUES (DEFAULT,?,?,?);

[2024-01-06-09:36:49] [DEBUG] sql: Executing (default): SHOW FULL COLUMNS FROM `User`;

[2024-01-06-09:36:49] [DEBUG] sql: Executing (default): SELECT CONSTRAINT_NAME as constraint_name,CONSTRAINT_NAME as constraintName,CONSTRAINT_SCHEMA as constraintSchema,CONSTRAINT_SCHEMA as constraintCatalog,TABLE_NAME as tableName,TABLE_SCHEMA as tableSchema,TABLE_SCHEMA as tableCatalog,COLUMN_NAME as columnName,REFERENCED_TABLE_SCHEMA as referencedTableSchema,REFERENCED_TABLE_SCHEMA as referencedTableCatalog,REFERENCED_TABLE_NAME as referencedTableName,REFERENCED_COLUMN_NAME as referencedColumnName FROM INFORMATION_SCHEMA.KEY_COLUMN_USAGE where TABLE_NAME = 'User' AND CONSTRAINT_NAME!='PRIMARY' AND CONSTRAINT_SCHEMA='global' AND REFERENCED_TABLE_NAME IS NOT NULL;

[2024-01-06-09:36:49] [DEBUG] sql: Executing (default): ALTER TABLE `User` CHANGE `name` `name` VARCHAR(255);

[2024-01-06-09:36:49] [DEBUG] sql: Executing (default): ALTER TABLE `User` CHANGE `age` `age` VARCHAR(255);

[2024-01-06-09:36:49] [DEBUG] sql: Executing (default): ALTER TABLE `User` CHANGE `address` `address` VARCHAR(255);

[2024-01-06-09:36:49] [DEBUG] sql: Executing (default): SHOW INDEX FROM `User`

[2024-01-06-09:36:55] [DEBUG] sql: Executing (default): SELECT TABLE_NAME FROM INFORMATION_SCHEMA.TABLES WHERE TABLE_TYPE = 'BASE TABLE' AND TABLE_NAME = 'User' AND TABLE_SCHEMA = 'global'

[2024-01-06-09:36:55] [DEBUG] sql: Executing (default): INSERT INTO `User` (`id`,`name`,`age`,`address`) VALUES (DEFAULT,?,?,?);

[2024-01-06-09:36:55] [DEBUG] sql: Executing (default): SHOW FULL COLUMNS FROM `User`;

[2024-01-06-09:36:55] [DEBUG] sql: Executing (default): SELECT CONSTRAINT_NAME as constraint_name,CONSTRAINT_NAME as constraintName,CONSTRAINT_SCHEMA as constraintSchema,CONSTRAINT_SCHEMA as constraintCatalog,TABLE_NAME as tableName,TABLE_SCHEMA as tableSchema,TABLE_SCHEMA as tableCatalog,COLUMN_NAME as columnName,REFERENCED_TABLE_SCHEMA as referencedTableSchema,REFERENCED_TABLE_SCHEMA as referencedTableCatalog,REFERENCED_TABLE_NAME as referencedTableName,REFERENCED_COLUMN_NAME as referencedColumnName FROM INFORMATION_SCHEMA.KEY_COLUMN_USAGE where TABLE_NAME = 'User' AND CONSTRAINT_NAME!='PRIMARY' AND CONSTRAINT_SCHEMA='global' AND REFERENCED_TABLE_NAME IS NOT NULL;

[2024-01-06-09:36:55] [DEBUG] sql: Executing (default): ALTER TABLE `User` CHANGE `name` `name` VARCHAR(255);

[2024-01-06-09:36:55] [DEBUG] sql: Executing (default): ALTER TABLE `User` CHANGE `age` `age` VARCHAR(255);

[2024-01-06-09:36:55] [DEBUG] sql: Executing (default): ALTER TABLE `User` CHANGE `address` `address` VARCHAR(255);

[2024-01-06-09:36:55] [DEBUG] sql: Executing (default): SHOW INDEX FROM `User`

[2024-01-06-09:37:09] [DEBUG] sql: Executing (default): SELECT TABLE_NAME FROM INFORMATION_SCHEMA.TABLES WHERE TABLE_TYPE = 'BASE TABLE' AND TABLE_NAME = 'User' AND TABLE_SCHEMA = 'global'

[2024-01-06-09:37:09] [DEBUG] sql: Executing (default): INSERT INTO `User` (`id`,`name`,`age`,`address`,`createdAt`,`updatedAt`) VALUES (DEFAULT,?,?,?,?,?);

[2024-01-06-09:41:42] [DEBUG] sql: Executing (default): SELECT TABLE_NAME FROM INFORMATION_SCHEMA.TABLES WHERE TABLE_TYPE = 'BASE TABLE' AND TABLE_NAME = 'User' AND TABLE_SCHEMA = 'global'

[2024-01-06-09:41:42] [DEBUG] sql: Executing (default): INSERT INTO `User` (`id`,`name`,`age`,`address`,`createdAt`,`updatedAt`) VALUES (DEFAULT,?,?,?,?,?);

[2024-01-06-09:41:45] [DEBUG] sql: Executing (default): SELECT TABLE_NAME FROM INFORMATION_SCHEMA.TABLES WHERE TABLE_TYPE = 'BASE TABLE' AND TABLE_NAME = 'User' AND TABLE_SCHEMA = 'global'

[2024-01-06-09:41:45] [DEBUG] sql: Executing (default): INSERT INTO `User` (`id`,`name`,`age`,`address`,`createdAt`,`updatedAt`) VALUES (DEFAULT,?,?,?,?,?);

[2024-01-06-09:43:01] [DEBUG] sql: Executing (default): SELECT TABLE_NAME FROM INFORMATION_SCHEMA.TABLES WHERE TABLE_TYPE = 'BASE TABLE' AND TABLE_NAME = 'User' AND TABLE_SCHEMA = 'global'

[2024-01-06-09:43:01] [DEBUG] sql: Executing (default): INSERT INTO `User` (`id`,`name`,`age`,`address`,`createdAt`,`updatedAt`) VALUES (DEFAULT,?,?,?,CURRENT_TIMESTAMP,?);

[2024-01-06-09:43:04] [DEBUG] sql: Executing (default): SELECT TABLE_NAME FROM INFORMATION_SCHEMA.TABLES WHERE TABLE_TYPE = 'BASE TABLE' AND TABLE_NAME = 'User' AND TABLE_SCHEMA = 'global'

[2024-01-06-09:43:04] [DEBUG] sql: Executing (default): INSERT INTO `User` (`id`,`name`,`age`,`address`,`createdAt`,`updatedAt`) VALUES (DEFAULT,?,?,?,CURRENT_TIMESTAMP,?);

[2024-01-06-09:43:54] [DEBUG] sql: Executing (default): SELECT TABLE_NAME FROM INFORMATION_SCHEMA.TABLES WHERE TABLE_TYPE = 'BASE TABLE' AND TABLE_NAME = 'User' AND TABLE_SCHEMA = 'global'

[2024-01-06-09:43:54] [DEBUG] sql: Executing (default): INSERT INTO `User` (`id`,`name`,`age`,`address`,`createdAt`,`updatedAt`) VALUES (DEFAULT,?,?,?,?,?);

[2024-01-06-09:44:32] [DEBUG] sql: Executing (default): SELECT TABLE_NAME FROM INFORMATION_SCHEMA.TABLES WHERE TABLE_TYPE = 'BASE TABLE' AND TABLE_NAME = 'User' AND TABLE_SCHEMA = 'global'

[2024-01-06-09:44:32] [DEBUG] sql: Executing (default): SHOW FULL COLUMNS FROM `User`;

[2024-01-06-09:44:32] [DEBUG] sql: Executing (default): SELECT CONSTRAINT_NAME as constraint_name,CONSTRAINT_NAME as constraintName,CONSTRAINT_SCHEMA as constraintSchema,CONSTRAINT_SCHEMA as constraintCatalog,TABLE_NAME as tableName,TABLE_SCHEMA as tableSchema,TABLE_SCHEMA as tableCatalog,COLUMN_NAME as columnName,REFERENCED_TABLE_SCHEMA as referencedTableSchema,REFERENCED_TABLE_SCHEMA as referencedTableCatalog,REFERENCED_TABLE_NAME as referencedTableName,REFERENCED_COLUMN_NAME as referencedColumnName FROM INFORMATION_SCHEMA.KEY_COLUMN_USAGE where TABLE_NAME = 'User' AND CONSTRAINT_NAME!='PRIMARY' AND CONSTRAINT_SCHEMA='global' AND REFERENCED_TABLE_NAME IS NOT NULL;

[2024-01-06-09:44:32] [DEBUG] sql: Executing (default): ALTER TABLE `User` ADD `createdAt` DATETIME NOT NULL;

[2024-01-06-09:44:36] [DEBUG] sql: Executing (default): SELECT TABLE_NAME FROM INFORMATION_SCHEMA.TABLES WHERE TABLE_TYPE = 'BASE TABLE' AND TABLE_NAME = 'User' AND TABLE_SCHEMA = 'global'

[2024-01-06-09:44:36] [DEBUG] sql: Executing (default): SHOW FULL COLUMNS FROM `User`;

[2024-01-06-09:44:36] [DEBUG] sql: Executing (default): SELECT CONSTRAINT_NAME as constraint_name,CONSTRAINT_NAME as constraintName,CONSTRAINT_SCHEMA as constraintSchema,CONSTRAINT_SCHEMA as constraintCatalog,TABLE_NAME as tableName,TABLE_SCHEMA as tableSchema,TABLE_SCHEMA as tableCatalog,COLUMN_NAME as columnName,REFERENCED_TABLE_SCHEMA as referencedTableSchema,REFERENCED_TABLE_SCHEMA as referencedTableCatalog,REFERENCED_TABLE_NAME as referencedTableName,REFERENCED_COLUMN_NAME as referencedColumnName FROM INFORMATION_SCHEMA.KEY_COLUMN_USAGE where TABLE_NAME = 'User' AND CONSTRAINT_NAME!='PRIMARY' AND CONSTRAINT_SCHEMA='global' AND REFERENCED_TABLE_NAME IS NOT NULL;

[2024-01-06-09:44:36] [DEBUG] sql: Executing (default): ALTER TABLE `User` ADD `createdAt` DATETIME NOT NULL;

[2024-01-06-09:45:03] [DEBUG] sql: Executing (default): SELECT TABLE_NAME FROM INFORMATION_SCHEMA.TABLES WHERE TABLE_TYPE = 'BASE TABLE' AND TABLE_NAME = 'User' AND TABLE_SCHEMA = 'global'

[2024-01-06-09:45:03] [DEBUG] sql: Executing (default): SHOW FULL COLUMNS FROM `User`;

[2024-01-06-09:45:03] [DEBUG] sql: Executing (default): SELECT CONSTRAINT_NAME as constraint_name,CONSTRAINT_NAME as constraintName,CONSTRAINT_SCHEMA as constraintSchema,CONSTRAINT_SCHEMA as constraintCatalog,TABLE_NAME as tableName,TABLE_SCHEMA as tableSchema,TABLE_SCHEMA as tableCatalog,COLUMN_NAME as columnName,REFERENCED_TABLE_SCHEMA as referencedTableSchema,REFERENCED_TABLE_SCHEMA as referencedTableCatalog,REFERENCED_TABLE_NAME as referencedTableName,REFERENCED_COLUMN_NAME as referencedColumnName FROM INFORMATION_SCHEMA.KEY_COLUMN_USAGE where TABLE_NAME = 'User' AND CONSTRAINT_NAME!='PRIMARY' AND CONSTRAINT_SCHEMA='global' AND REFERENCED_TABLE_NAME IS NOT NULL;

[2024-01-06-09:45:03] [DEBUG] sql: Executing (default): ALTER TABLE `User` ADD `createdAt` DATETIME NOT NULL;

[2024-01-06-09:45:05] [DEBUG] sql: Executing (default): SELECT TABLE_NAME FROM INFORMATION_SCHEMA.TABLES WHERE TABLE_TYPE = 'BASE TABLE' AND TABLE_NAME = 'User' AND TABLE_SCHEMA = 'global'

[2024-01-06-09:45:05] [DEBUG] sql: Executing (default): SHOW FULL COLUMNS FROM `User`;

[2024-01-06-09:45:05] [DEBUG] sql: Executing (default): SELECT CONSTRAINT_NAME as constraint_name,CONSTRAINT_NAME as constraintName,CONSTRAINT_SCHEMA as constraintSchema,CONSTRAINT_SCHEMA as constraintCatalog,TABLE_NAME as tableName,TABLE_SCHEMA as tableSchema,TABLE_SCHEMA as tableCatalog,COLUMN_NAME as columnName,REFERENCED_TABLE_SCHEMA as referencedTableSchema,REFERENCED_TABLE_SCHEMA as referencedTableCatalog,REFERENCED_TABLE_NAME as referencedTableName,REFERENCED_COLUMN_NAME as referencedColumnName FROM INFORMATION_SCHEMA.KEY_COLUMN_USAGE where TABLE_NAME = 'User' AND CONSTRAINT_NAME!='PRIMARY' AND CONSTRAINT_SCHEMA='global' AND REFERENCED_TABLE_NAME IS NOT NULL;

[2024-01-06-09:45:05] [DEBUG] sql: Executing (default): ALTER TABLE `User` ADD `createdAt` DATETIME NOT NULL;

[2024-01-06-09:45:10] [DEBUG] sql: Executing (default): SELECT TABLE_NAME FROM INFORMATION_SCHEMA.TABLES WHERE TABLE_TYPE = 'BASE TABLE' AND TABLE_NAME = 'User' AND TABLE_SCHEMA = 'global'

[2024-01-06-09:45:10] [DEBUG] sql: Executing (default): SHOW FULL COLUMNS FROM `User`;

[2024-01-06-09:45:10] [DEBUG] sql: Executing (default): SELECT CONSTRAINT_NAME as constraint_name,CONSTRAINT_NAME as constraintName,CONSTRAINT_SCHEMA as constraintSchema,CONSTRAINT_SCHEMA as constraintCatalog,TABLE_NAME as tableName,TABLE_SCHEMA as tableSchema,TABLE_SCHEMA as tableCatalog,COLUMN_NAME as columnName,REFERENCED_TABLE_SCHEMA as referencedTableSchema,REFERENCED_TABLE_SCHEMA as referencedTableCatalog,REFERENCED_TABLE_NAME as referencedTableName,REFERENCED_COLUMN_NAME as referencedColumnName FROM INFORMATION_SCHEMA.KEY_COLUMN_USAGE where TABLE_NAME = 'User' AND CONSTRAINT_NAME!='PRIMARY' AND CONSTRAINT_SCHEMA='global' AND REFERENCED_TABLE_NAME IS NOT NULL;

[2024-01-06-09:45:10] [DEBUG] sql: Executing (default): ALTER TABLE `User` ADD `createdAt` DATETIME NOT NULL;

[2024-01-06-09:45:12] [DEBUG] sql: Executing (default): SELECT TABLE_NAME FROM INFORMATION_SCHEMA.TABLES WHERE TABLE_TYPE = 'BASE TABLE' AND TABLE_NAME = 'User' AND TABLE_SCHEMA = 'global'

[2024-01-06-09:45:12] [DEBUG] sql: Executing (default): SHOW FULL COLUMNS FROM `User`;

[2024-01-06-09:45:12] [DEBUG] sql: Executing (default): SELECT CONSTRAINT_NAME as constraint_name,CONSTRAINT_NAME as constraintName,CONSTRAINT_SCHEMA as constraintSchema,CONSTRAINT_SCHEMA as constraintCatalog,TABLE_NAME as tableName,TABLE_SCHEMA as tableSchema,TABLE_SCHEMA as tableCatalog,COLUMN_NAME as columnName,REFERENCED_TABLE_SCHEMA as referencedTableSchema,REFERENCED_TABLE_SCHEMA as referencedTableCatalog,REFERENCED_TABLE_NAME as referencedTableName,REFERENCED_COLUMN_NAME as referencedColumnName FROM INFORMATION_SCHEMA.KEY_COLUMN_USAGE where TABLE_NAME = 'User' AND CONSTRAINT_NAME!='PRIMARY' AND CONSTRAINT_SCHEMA='global' AND REFERENCED_TABLE_NAME IS NOT NULL;

[2024-01-06-09:45:12] [DEBUG] sql: Executing (default): ALTER TABLE `User` ADD `createdAt` DATETIME NOT NULL;

[2024-01-06-09:45:20] [DEBUG] sql: Executing (default): SELECT TABLE_NAME FROM INFORMATION_SCHEMA.TABLES WHERE TABLE_TYPE = 'BASE TABLE' AND TABLE_NAME = 'User' AND TABLE_SCHEMA = 'global'

[2024-01-06-09:45:20] [DEBUG] sql: Executing (default): SHOW FULL COLUMNS FROM `User`;

[2024-01-06-09:45:20] [DEBUG] sql: Executing (default): SELECT CONSTRAINT_NAME as constraint_name,CONSTRAINT_NAME as constraintName,CONSTRAINT_SCHEMA as constraintSchema,CONSTRAINT_SCHEMA as constraintCatalog,TABLE_NAME as tableName,TABLE_SCHEMA as tableSchema,TABLE_SCHEMA as tableCatalog,COLUMN_NAME as columnName,REFERENCED_TABLE_SCHEMA as referencedTableSchema,REFERENCED_TABLE_SCHEMA as referencedTableCatalog,REFERENCED_TABLE_NAME as referencedTableName,REFERENCED_COLUMN_NAME as referencedColumnName FROM INFORMATION_SCHEMA.KEY_COLUMN_USAGE where TABLE_NAME = 'User' AND CONSTRAINT_NAME!='PRIMARY' AND CONSTRAINT_SCHEMA='global' AND REFERENCED_TABLE_NAME IS NOT NULL;

[2024-01-06-09:45:20] [DEBUG] sql: Executing (default): ALTER TABLE `User` CHANGE `name` `name` VARCHAR(255);

[2024-01-06-09:45:20] [DEBUG] sql: Executing (default): ALTER TABLE `User` CHANGE `age` `age` VARCHAR(255);

[2024-01-06-09:45:20] [DEBUG] sql: Executing (default): ALTER TABLE `User` CHANGE `address` `address` VARCHAR(255);

[2024-01-06-09:45:20] [DEBUG] sql: Executing (default): SHOW INDEX FROM `User`

[2024-01-06-09:45:22] [DEBUG] sql: Executing (default): SELECT TABLE_NAME FROM INFORMATION_SCHEMA.TABLES WHERE TABLE_TYPE = 'BASE TABLE' AND TABLE_NAME = 'User' AND TABLE_SCHEMA = 'global'

[2024-01-06-09:45:22] [DEBUG] sql: Executing (default): SHOW FULL COLUMNS FROM `User`;

[2024-01-06-09:45:22] [DEBUG] sql: Executing (default): SELECT CONSTRAINT_NAME as constraint_name,CONSTRAINT_NAME as constraintName,CONSTRAINT_SCHEMA as constraintSchema,CONSTRAINT_SCHEMA as constraintCatalog,TABLE_NAME as tableName,TABLE_SCHEMA as tableSchema,TABLE_SCHEMA as tableCatalog,COLUMN_NAME as columnName,REFERENCED_TABLE_SCHEMA as referencedTableSchema,REFERENCED_TABLE_SCHEMA as referencedTableCatalog,REFERENCED_TABLE_NAME as referencedTableName,REFERENCED_COLUMN_NAME as referencedColumnName FROM INFORMATION_SCHEMA.KEY_COLUMN_USAGE where TABLE_NAME = 'User' AND CONSTRAINT_NAME!='PRIMARY' AND CONSTRAINT_SCHEMA='global' AND REFERENCED_TABLE_NAME IS NOT NULL;

[2024-01-06-09:45:22] [DEBUG] sql: Executing (default): ALTER TABLE `User` CHANGE `name` `name` VARCHAR(255);

[2024-01-06-09:45:22] [DEBUG] sql: Executing (default): ALTER TABLE `User` CHANGE `age` `age` VARCHAR(255);

[2024-01-06-09:45:22] [DEBUG] sql: Executing (default): ALTER TABLE `User` CHANGE `address` `address` VARCHAR(255);

[2024-01-06-09:45:22] [DEBUG] sql: Executing (default): SHOW INDEX FROM `User`

[2024-01-06-13:27:49] [DEBUG] sql: Executing (default): SELECT TABLE_NAME FROM INFORMATION_SCHEMA.TABLES WHERE TABLE_TYPE = 'BASE TABLE' AND TABLE_NAME = 'User' AND TABLE_SCHEMA = 'global'

[2024-01-06-13:27:49] [DEBUG] sql: Executing (default): SHOW FULL COLUMNS FROM `User`;

[2024-01-06-13:27:49] [DEBUG] sql: Executing (default): SELECT CONSTRAINT_NAME as constraint_name,CONSTRAINT_NAME as constraintName,CONSTRAINT_SCHEMA as constraintSchema,CONSTRAINT_SCHEMA as constraintCatalog,TABLE_NAME as tableName,TABLE_SCHEMA as tableSchema,TABLE_SCHEMA as tableCatalog,COLUMN_NAME as columnName,REFERENCED_TABLE_SCHEMA as referencedTableSchema,REFERENCED_TABLE_SCHEMA as referencedTableCatalog,REFERENCED_TABLE_NAME as referencedTableName,REFERENCED_COLUMN_NAME as referencedColumnName FROM INFORMATION_SCHEMA.KEY_COLUMN_USAGE where TABLE_NAME = 'User' AND CONSTRAINT_NAME!='PRIMARY' AND CONSTRAINT_SCHEMA='global' AND REFERENCED_TABLE_NAME IS NOT NULL;

[2024-01-06-13:27:49] [DEBUG] sql: Executing (default): ALTER TABLE `User` ADD `createdAt` DATETIME NOT NULL;

[2024-01-06-13:38:12] [DEBUG] sql: Executing (default): SELECT TABLE_NAME FROM INFORMATION_SCHEMA.TABLES WHERE TABLE_TYPE = 'BASE TABLE' AND TABLE_NAME = 'User' AND TABLE_SCHEMA = 'global'

[2024-01-06-13:38:12] [DEBUG] sql: Executing (default): SHOW FULL COLUMNS FROM `User`;

[2024-01-06-13:38:12] [DEBUG] sql: Executing (default): SELECT CONSTRAINT_NAME as constraint_name,CONSTRAINT_NAME as constraintName,CONSTRAINT_SCHEMA as constraintSchema,CONSTRAINT_SCHEMA as constraintCatalog,TABLE_NAME as tableName,TABLE_SCHEMA as tableSchema,TABLE_SCHEMA as tableCatalog,COLUMN_NAME as columnName,REFERENCED_TABLE_SCHEMA as referencedTableSchema,REFERENCED_TABLE_SCHEMA as referencedTableCatalog,REFERENCED_TABLE_NAME as referencedTableName,REFERENCED_COLUMN_NAME as referencedColumnName FROM INFORMATION_SCHEMA.KEY_COLUMN_USAGE where TABLE_NAME = 'User' AND CONSTRAINT_NAME!='PRIMARY' AND CONSTRAINT_SCHEMA='global' AND REFERENCED_TABLE_NAME IS NOT NULL;

[2024-01-06-13:38:12] [DEBUG] sql: Executing (default): ALTER TABLE `User` ADD `createdAt` DATETIME NOT NULL;

[2024-01-06-13:38:30] [DEBUG] sql: Executing (default): SELECT TABLE_NAME FROM INFORMATION_SCHEMA.TABLES WHERE TABLE_TYPE = 'BASE TABLE' AND TABLE_NAME = 'User' AND TABLE_SCHEMA = 'global'

[2024-01-06-13:38:30] [DEBUG] sql: Executing (default): SHOW FULL COLUMNS FROM `User`;

[2024-01-06-13:38:30] [DEBUG] sql: Executing (default): SELECT CONSTRAINT_NAME as constraint_name,CONSTRAINT_NAME as constraintName,CONSTRAINT_SCHEMA as constraintSchema,CONSTRAINT_SCHEMA as constraintCatalog,TABLE_NAME as tableName,TABLE_SCHEMA as tableSchema,TABLE_SCHEMA as tableCatalog,COLUMN_NAME as columnName,REFERENCED_TABLE_SCHEMA as referencedTableSchema,REFERENCED_TABLE_SCHEMA as referencedTableCatalog,REFERENCED_TABLE_NAME as referencedTableName,REFERENCED_COLUMN_NAME as referencedColumnName FROM INFORMATION_SCHEMA.KEY_COLUMN_USAGE where TABLE_NAME = 'User' AND CONSTRAINT_NAME!='PRIMARY' AND CONSTRAINT_SCHEMA='global' AND REFERENCED_TABLE_NAME IS NOT NULL;

[2024-01-06-13:38:30] [DEBUG] sql: Executing (default): ALTER TABLE `User` ADD `createdAt` DATETIME NOT NULL;

[2024-01-06-13:39:53] [DEBUG] sql: Executing (default): SELECT TABLE_NAME FROM INFORMATION_SCHEMA.TABLES WHERE TABLE_TYPE = 'BASE TABLE' AND TABLE_NAME = 'User' AND TABLE_SCHEMA = 'global'

[2024-01-06-13:39:53] [DEBUG] sql: Executing (default): SHOW FULL COLUMNS FROM `User`;

[2024-01-06-13:39:53] [DEBUG] sql: Executing (default): SELECT CONSTRAINT_NAME as constraint_name,CONSTRAINT_NAME as constraintName,CONSTRAINT_SCHEMA as constraintSchema,CONSTRAINT_SCHEMA as constraintCatalog,TABLE_NAME as tableName,TABLE_SCHEMA as tableSchema,TABLE_SCHEMA as tableCatalog,COLUMN_NAME as columnName,REFERENCED_TABLE_SCHEMA as referencedTableSchema,REFERENCED_TABLE_SCHEMA as referencedTableCatalog,REFERENCED_TABLE_NAME as referencedTableName,REFERENCED_COLUMN_NAME as referencedColumnName FROM INFORMATION_SCHEMA.KEY_COLUMN_USAGE where TABLE_NAME = 'User' AND CONSTRAINT_NAME!='PRIMARY' AND CONSTRAINT_SCHEMA='global' AND REFERENCED_TABLE_NAME IS NOT NULL;

[2024-01-06-13:39:54] [DEBUG] sql: Executing (default): ALTER TABLE `User` ADD `createdAt` DATETIME DEFAULT CURRENT_TIMESTAMP;

[2024-01-06-13:39:54] [DEBUG] sql: Executing (default): ALTER TABLE `User` ADD `updatedAt` DATETIME NOT NULL;

[2024-01-06-13:40:03] [DEBUG] sql: Executing (default): SELECT TABLE_NAME FROM INFORMATION_SCHEMA.TABLES WHERE TABLE_TYPE = 'BASE TABLE' AND TABLE_NAME = 'User' AND TABLE_SCHEMA = 'global'

[2024-01-06-13:40:03] [DEBUG] sql: Executing (default): SHOW FULL COLUMNS FROM `User`;

[2024-01-06-13:40:03] [DEBUG] sql: Executing (default): SELECT CONSTRAINT_NAME as constraint_name,CONSTRAINT_NAME as constraintName,CONSTRAINT_SCHEMA as constraintSchema,CONSTRAINT_SCHEMA as constraintCatalog,TABLE_NAME as tableName,TABLE_SCHEMA as tableSchema,TABLE_SCHEMA as tableCatalog,COLUMN_NAME as columnName,REFERENCED_TABLE_SCHEMA as referencedTableSchema,REFERENCED_TABLE_SCHEMA as referencedTableCatalog,REFERENCED_TABLE_NAME as referencedTableName,REFERENCED_COLUMN_NAME as referencedColumnName FROM INFORMATION_SCHEMA.KEY_COLUMN_USAGE where TABLE_NAME = 'User' AND CONSTRAINT_NAME!='PRIMARY' AND CONSTRAINT_SCHEMA='global' AND REFERENCED_TABLE_NAME IS NOT NULL;

[2024-01-06-13:40:03] [DEBUG] sql: Executing (default): ALTER TABLE `User` ADD `updatedAt` DATETIME NOT NULL;

[2024-01-06-13:40:06] [DEBUG] sql: Executing (default): SELECT TABLE_NAME FROM INFORMATION_SCHEMA.TABLES WHERE TABLE_TYPE = 'BASE TABLE' AND TABLE_NAME = 'User' AND TABLE_SCHEMA = 'global'

[2024-01-06-13:40:06] [DEBUG] sql: Executing (default): SHOW FULL COLUMNS FROM `User`;

[2024-01-06-13:40:06] [DEBUG] sql: Executing (default): SELECT CONSTRAINT_NAME as constraint_name,CONSTRAINT_NAME as constraintName,CONSTRAINT_SCHEMA as constraintSchema,CONSTRAINT_SCHEMA as constraintCatalog,TABLE_NAME as tableName,TABLE_SCHEMA as tableSchema,TABLE_SCHEMA as tableCatalog,COLUMN_NAME as columnName,REFERENCED_TABLE_SCHEMA as referencedTableSchema,REFERENCED_TABLE_SCHEMA as referencedTableCatalog,REFERENCED_TABLE_NAME as referencedTableName,REFERENCED_COLUMN_NAME as referencedColumnName FROM INFORMATION_SCHEMA.KEY_COLUMN_USAGE where TABLE_NAME = 'User' AND CONSTRAINT_NAME!='PRIMARY' AND CONSTRAINT_SCHEMA='global' AND REFERENCED_TABLE_NAME IS NOT NULL;

[2024-01-06-13:40:06] [DEBUG] sql: Executing (default): ALTER TABLE `User` ADD `updatedAt` DATETIME NOT NULL;

[2024-01-06-13:41:33] [DEBUG] sql: Executing (default): SELECT TABLE_NAME FROM INFORMATION_SCHEMA.TABLES WHERE TABLE_TYPE = 'BASE TABLE' AND TABLE_NAME = 'User' AND TABLE_SCHEMA = 'global'

[2024-01-06-13:41:33] [DEBUG] sql: Executing (default): SHOW FULL COLUMNS FROM `User`;

[2024-01-06-13:41:33] [DEBUG] sql: Executing (default): SELECT CONSTRAINT_NAME as constraint_name,CONSTRAINT_NAME as constraintName,CONSTRAINT_SCHEMA as constraintSchema,CONSTRAINT_SCHEMA as constraintCatalog,TABLE_NAME as tableName,TABLE_SCHEMA as tableSchema,TABLE_SCHEMA as tableCatalog,COLUMN_NAME as columnName,REFERENCED_TABLE_SCHEMA as referencedTableSchema,REFERENCED_TABLE_SCHEMA as referencedTableCatalog,REFERENCED_TABLE_NAME as referencedTableName,REFERENCED_COLUMN_NAME as referencedColumnName FROM INFORMATION_SCHEMA.KEY_COLUMN_USAGE where TABLE_NAME = 'User' AND CONSTRAINT_NAME!='PRIMARY' AND CONSTRAINT_SCHEMA='global' AND REFERENCED_TABLE_NAME IS NOT NULL;

[2024-01-06-13:41:33] [DEBUG] sql: Executing (default): ALTER TABLE `User` ADD `updatedAt` DATETIME NOT NULL;

[2024-01-06-13:42:10] [DEBUG] sql: Executing (default): SELECT TABLE_NAME FROM INFORMATION_SCHEMA.TABLES WHERE TABLE_TYPE = 'BASE TABLE' AND TABLE_NAME = 'User' AND TABLE_SCHEMA = 'global'

[2024-01-06-13:42:10] [DEBUG] sql: Executing (default): SHOW FULL COLUMNS FROM `User`;

[2024-01-06-13:42:10] [DEBUG] sql: Executing (default): SELECT CONSTRAINT_NAME as constraint_name,CONSTRAINT_NAME as constraintName,CONSTRAINT_SCHEMA as constraintSchema,CONSTRAINT_SCHEMA as constraintCatalog,TABLE_NAME as tableName,TABLE_SCHEMA as tableSchema,TABLE_SCHEMA as tableCatalog,COLUMN_NAME as columnName,REFERENCED_TABLE_SCHEMA as referencedTableSchema,REFERENCED_TABLE_SCHEMA as referencedTableCatalog,REFERENCED_TABLE_NAME as referencedTableName,REFERENCED_COLUMN_NAME as referencedColumnName FROM INFORMATION_SCHEMA.KEY_COLUMN_USAGE where TABLE_NAME = 'User' AND CONSTRAINT_NAME!='PRIMARY' AND CONSTRAINT_SCHEMA='global' AND REFERENCED_TABLE_NAME IS NOT NULL;

[2024-01-06-13:42:10] [DEBUG] sql: Executing (default): ALTER TABLE `User` ADD `updatedAt` DATETIME NOT NULL;

[2024-01-06-13:53:42] [DEBUG] sql: Executing (default): SELECT TABLE_NAME FROM INFORMATION_SCHEMA.TABLES WHERE TABLE_TYPE = 'BASE TABLE' AND TABLE_NAME = 'User' AND TABLE_SCHEMA = 'global'

[2024-01-06-13:53:42] [DEBUG] sql: Executing (default): SHOW FULL COLUMNS FROM `User`;

[2024-01-06-13:53:42] [DEBUG] sql: Executing (default): SELECT CONSTRAINT_NAME as constraint_name,CONSTRAINT_NAME as constraintName,CONSTRAINT_SCHEMA as constraintSchema,CONSTRAINT_SCHEMA as constraintCatalog,TABLE_NAME as tableName,TABLE_SCHEMA as tableSchema,TABLE_SCHEMA as tableCatalog,COLUMN_NAME as columnName,REFERENCED_TABLE_SCHEMA as referencedTableSchema,REFERENCED_TABLE_SCHEMA as referencedTableCatalog,REFERENCED_TABLE_NAME as referencedTableName,REFERENCED_COLUMN_NAME as referencedColumnName FROM INFORMATION_SCHEMA.KEY_COLUMN_USAGE where TABLE_NAME = 'User' AND CONSTRAINT_NAME!='PRIMARY' AND CONSTRAINT_SCHEMA='global' AND REFERENCED_TABLE_NAME IS NOT NULL;

[2024-01-06-13:53:42] [DEBUG] sql: Executing (default): ALTER TABLE `User` ADD `updatedAt` DATETIME NOT NULL;

[2024-01-06-13:53:47] [DEBUG] sql: Executing (default): SELECT TABLE_NAME FROM INFORMATION_SCHEMA.TABLES WHERE TABLE_TYPE = 'BASE TABLE' AND TABLE_NAME = 'User' AND TABLE_SCHEMA = 'global'

[2024-01-06-13:53:47] [DEBUG] sql: Executing (default): SHOW FULL COLUMNS FROM `User`;

[2024-01-06-13:53:47] [DEBUG] sql: Executing (default): SELECT CONSTRAINT_NAME as constraint_name,CONSTRAINT_NAME as constraintName,CONSTRAINT_SCHEMA as constraintSchema,CONSTRAINT_SCHEMA as constraintCatalog,TABLE_NAME as tableName,TABLE_SCHEMA as tableSchema,TABLE_SCHEMA as tableCatalog,COLUMN_NAME as columnName,REFERENCED_TABLE_SCHEMA as referencedTableSchema,REFERENCED_TABLE_SCHEMA as referencedTableCatalog,REFERENCED_TABLE_NAME as referencedTableName,REFERENCED_COLUMN_NAME as referencedColumnName FROM INFORMATION_SCHEMA.KEY_COLUMN_USAGE where TABLE_NAME = 'User' AND CONSTRAINT_NAME!='PRIMARY' AND CONSTRAINT_SCHEMA='global' AND REFERENCED_TABLE_NAME IS NOT NULL;

[2024-01-06-13:53:47] [DEBUG] sql: Executing (default): ALTER TABLE `User` ADD `updatedAt` DATETIME NOT NULL;

[2024-01-06-13:54:19] [DEBUG] sql: Executing (default): SELECT TABLE_NAME FROM INFORMATION_SCHEMA.TABLES WHERE TABLE_TYPE = 'BASE TABLE' AND TABLE_NAME = 'User' AND TABLE_SCHEMA = 'global'

[2024-01-06-13:54:19] [DEBUG] sql: Executing (default): SHOW FULL COLUMNS FROM `User`;

[2024-01-06-13:54:19] [DEBUG] sql: Executing (default): SELECT CONSTRAINT_NAME as constraint_name,CONSTRAINT_NAME as constraintName,CONSTRAINT_SCHEMA as constraintSchema,CONSTRAINT_SCHEMA as constraintCatalog,TABLE_NAME as tableName,TABLE_SCHEMA as tableSchema,TABLE_SCHEMA as tableCatalog,COLUMN_NAME as columnName,REFERENCED_TABLE_SCHEMA as referencedTableSchema,REFERENCED_TABLE_SCHEMA as referencedTableCatalog,REFERENCED_TABLE_NAME as referencedTableName,REFERENCED_COLUMN_NAME as referencedColumnName FROM INFORMATION_SCHEMA.KEY_COLUMN_USAGE where TABLE_NAME = 'User' AND CONSTRAINT_NAME!='PRIMARY' AND CONSTRAINT_SCHEMA='global' AND REFERENCED_TABLE_NAME IS NOT NULL;

[2024-01-06-13:54:19] [DEBUG] sql: Executing (default): ALTER TABLE `User` ADD `updatedAt` DATETIME NOT NULL;

[2024-01-06-13:54:36] [DEBUG] sql: Executing (default): SELECT TABLE_NAME FROM INFORMATION_SCHEMA.TABLES WHERE TABLE_TYPE = 'BASE TABLE' AND TABLE_NAME = 'User' AND TABLE_SCHEMA = 'global'

[2024-01-06-13:54:36] [DEBUG] sql: Executing (default): SHOW FULL COLUMNS FROM `User`;

[2024-01-06-13:54:36] [DEBUG] sql: Executing (default): SELECT CONSTRAINT_NAME as constraint_name,CONSTRAINT_NAME as constraintName,CONSTRAINT_SCHEMA as constraintSchema,CONSTRAINT_SCHEMA as constraintCatalog,TABLE_NAME as tableName,TABLE_SCHEMA as tableSchema,TABLE_SCHEMA as tableCatalog,COLUMN_NAME as columnName,REFERENCED_TABLE_SCHEMA as referencedTableSchema,REFERENCED_TABLE_SCHEMA as referencedTableCatalog,REFERENCED_TABLE_NAME as referencedTableName,REFERENCED_COLUMN_NAME as referencedColumnName FROM INFORMATION_SCHEMA.KEY_COLUMN_USAGE where TABLE_NAME = 'User' AND CONSTRAINT_NAME!='PRIMARY' AND CONSTRAINT_SCHEMA='global' AND REFERENCED_TABLE_NAME IS NOT NULL;

[2024-01-06-13:54:36] [DEBUG] sql: Executing (default): ALTER TABLE `User` ADD `updateAt` DATETIME DEFAULT CURRENT_TIMESTAMP;

[2024-01-06-13:54:36] [DEBUG] sql: Executing (default): ALTER TABLE `User` ADD `updatedAt` DATETIME NOT NULL;

[2024-01-06-13:54:44] [DEBUG] sql: Executing (default): SELECT TABLE_NAME FROM INFORMATION_SCHEMA.TABLES WHERE TABLE_TYPE = 'BASE TABLE' AND TABLE_NAME = 'User' AND TABLE_SCHEMA = 'global'

[2024-01-06-13:54:44] [DEBUG] sql: Executing (default): SHOW FULL COLUMNS FROM `User`;

[2024-01-06-13:54:44] [DEBUG] sql: Executing (default): SELECT CONSTRAINT_NAME as constraint_name,CONSTRAINT_NAME as constraintName,CONSTRAINT_SCHEMA as constraintSchema,CONSTRAINT_SCHEMA as constraintCatalog,TABLE_NAME as tableName,TABLE_SCHEMA as tableSchema,TABLE_SCHEMA as tableCatalog,COLUMN_NAME as columnName,REFERENCED_TABLE_SCHEMA as referencedTableSchema,REFERENCED_TABLE_SCHEMA as referencedTableCatalog,REFERENCED_TABLE_NAME as referencedTableName,REFERENCED_COLUMN_NAME as referencedColumnName FROM INFORMATION_SCHEMA.KEY_COLUMN_USAGE where TABLE_NAME = 'User' AND CONSTRAINT_NAME!='PRIMARY' AND CONSTRAINT_SCHEMA='global' AND REFERENCED_TABLE_NAME IS NOT NULL;

[2024-01-06-13:54:44] [DEBUG] sql: Executing (default): ALTER TABLE `User` ADD `updatedAt` DATETIME DEFAULT CURRENT_TIMESTAMP;

[2024-01-06-13:54:44] [DEBUG] sql: Executing (default): ALTER TABLE `User` ADD `deletedAt` DATETIME;

[2024-01-06-13:54:44] [DEBUG] sql: Executing (default): ALTER TABLE `User` CHANGE `name` `name` VARCHAR(255);

[2024-01-06-13:54:44] [DEBUG] sql: Executing (default): ALTER TABLE `User` CHANGE `age` `age` VARCHAR(255);

[2024-01-06-13:54:44] [DEBUG] sql: Executing (default): ALTER TABLE `User` CHANGE `address` `address` VARCHAR(255);

[2024-01-06-13:54:44] [DEBUG] sql: Executing (default): ALTER TABLE `User` CHANGE `createdAt` `createdAt` DATETIME DEFAULT CURRENT_TIMESTAMP;

[2024-01-06-13:54:44] [DEBUG] sql: Executing (default): SELECT CONSTRAINT_NAME as constraint_name,CONSTRAINT_NAME as constraintName,CONSTRAINT_SCHEMA as constraintSchema,CONSTRAINT_SCHEMA as constraintCatalog,TABLE_NAME as tableName,TABLE_SCHEMA as tableSchema,TABLE_SCHEMA as tableCatalog,COLUMN_NAME as columnName,REFERENCED_TABLE_SCHEMA as referencedTableSchema,REFERENCED_TABLE_SCHEMA as referencedTableCatalog,REFERENCED_TABLE_NAME as referencedTableName,REFERENCED_COLUMN_NAME as referencedColumnName FROM INFORMATION_SCHEMA.KEY_COLUMN_USAGE WHERE (REFERENCED_TABLE_NAME = 'User' AND REFERENCED_TABLE_SCHEMA = 'global' AND REFERENCED_COLUMN_NAME = 'updateAt') OR (TABLE_NAME = 'User' AND TABLE_SCHEMA = 'global' AND COLUMN_NAME = 'updateAt' AND REFERENCED_TABLE_NAME IS NOT NULL)

[2024-01-06-13:54:44] [DEBUG] sql: Executing (default): ALTER TABLE `User` DROP `updateAt`;

[2024-01-06-13:54:44] [DEBUG] sql: Executing (default): SHOW INDEX FROM `User`

[2024-01-06-13:54:48] [DEBUG] sql: Executing (default): SELECT TABLE_NAME FROM INFORMATION_SCHEMA.TABLES WHERE TABLE_TYPE = 'BASE TABLE' AND TABLE_NAME = 'User' AND TABLE_SCHEMA = 'global'

[2024-01-06-13:54:48] [DEBUG] sql: Executing (default): SHOW FULL COLUMNS FROM `User`;

[2024-01-06-13:54:48] [DEBUG] sql: Executing (default): SELECT CONSTRAINT_NAME as constraint_name,CONSTRAINT_NAME as constraintName,CONSTRAINT_SCHEMA as constraintSchema,CONSTRAINT_SCHEMA as constraintCatalog,TABLE_NAME as tableName,TABLE_SCHEMA as tableSchema,TABLE_SCHEMA as tableCatalog,COLUMN_NAME as columnName,REFERENCED_TABLE_SCHEMA as referencedTableSchema,REFERENCED_TABLE_SCHEMA as referencedTableCatalog,REFERENCED_TABLE_NAME as referencedTableName,REFERENCED_COLUMN_NAME as referencedColumnName FROM INFORMATION_SCHEMA.KEY_COLUMN_USAGE where TABLE_NAME = 'User' AND CONSTRAINT_NAME!='PRIMARY' AND CONSTRAINT_SCHEMA='global' AND REFERENCED_TABLE_NAME IS NOT NULL;

[2024-01-06-13:54:48] [DEBUG] sql: Executing (default): ALTER TABLE `User` CHANGE `name` `name` VARCHAR(255);

[2024-01-06-13:54:48] [DEBUG] sql: Executing (default): ALTER TABLE `User` CHANGE `age` `age` VARCHAR(255);

[2024-01-06-13:54:48] [DEBUG] sql: Executing (default): ALTER TABLE `User` CHANGE `address` `address` VARCHAR(255);

[2024-01-06-13:54:48] [DEBUG] sql: Executing (default): ALTER TABLE `User` CHANGE `createdAt` `createdAt` DATETIME DEFAULT CURRENT_TIMESTAMP;

[2024-01-06-13:54:48] [DEBUG] sql: Executing (default): ALTER TABLE `User` CHANGE `updatedAt` `updatedAt` DATETIME DEFAULT CURRENT_TIMESTAMP;

[2024-01-06-13:54:48] [DEBUG] sql: Executing (default): ALTER TABLE `User` CHANGE `deletedAt` `deletedAt` DATETIME;

[2024-01-06-13:54:48] [DEBUG] sql: Executing (default): SHOW INDEX FROM `User`

[2024-01-06-13:55:30] [DEBUG] sql: Executing (default): SELECT TABLE_NAME FROM INFORMATION_SCHEMA.TABLES WHERE TABLE_TYPE = 'BASE TABLE' AND TABLE_NAME = 'User' AND TABLE_SCHEMA = 'global'

[2024-01-06-13:55:30] [DEBUG] sql: Executing (default): SHOW FULL COLUMNS FROM `User`;

[2024-01-06-13:55:30] [DEBUG] sql: Executing (default): SELECT CONSTRAINT_NAME as constraint_name,CONSTRAINT_NAME as constraintName,CONSTRAINT_SCHEMA as constraintSchema,CONSTRAINT_SCHEMA as constraintCatalog,TABLE_NAME as tableName,TABLE_SCHEMA as tableSchema,TABLE_SCHEMA as tableCatalog,COLUMN_NAME as columnName,REFERENCED_TABLE_SCHEMA as referencedTableSchema,REFERENCED_TABLE_SCHEMA as referencedTableCatalog,REFERENCED_TABLE_NAME as referencedTableName,REFERENCED_COLUMN_NAME as referencedColumnName FROM INFORMATION_SCHEMA.KEY_COLUMN_USAGE where TABLE_NAME = 'User' AND CONSTRAINT_NAME!='PRIMARY' AND CONSTRAINT_SCHEMA='global' AND REFERENCED_TABLE_NAME IS NOT NULL;

[2024-01-06-13:55:30] [DEBUG] sql: Executing (default): ALTER TABLE `User` CHANGE `name` `name` VARCHAR(255);

[2024-01-06-13:55:30] [DEBUG] sql: Executing (default): ALTER TABLE `User` CHANGE `age` `age` VARCHAR(255);

[2024-01-06-13:55:30] [DEBUG] sql: Executing (default): ALTER TABLE `User` CHANGE `address` `address` VARCHAR(255);

[2024-01-06-13:55:30] [DEBUG] sql: Executing (default): ALTER TABLE `User` CHANGE `createdAt` `createdAt` DATETIME DEFAULT CURRENT_TIMESTAMP;

[2024-01-06-13:55:30] [DEBUG] sql: Executing (default): ALTER TABLE `User` CHANGE `updatedAt` `updatedAt` DATETIME DEFAULT CURRENT_TIMESTAMP;

[2024-01-06-13:55:30] [DEBUG] sql: Executing (default): ALTER TABLE `User` CHANGE `deletedAt` `deletedAt` DATETIME;

[2024-01-06-13:55:30] [DEBUG] sql: Executing (default): SHOW INDEX FROM `User`

[2024-01-06-13:55:33] [DEBUG] sql: Executing (default): SELECT TABLE_NAME FROM INFORMATION_SCHEMA.TABLES WHERE TABLE_TYPE = 'BASE TABLE' AND TABLE_NAME = 'User' AND TABLE_SCHEMA = 'global'

[2024-01-06-13:55:33] [DEBUG] sql: Executing (default): SHOW FULL COLUMNS FROM `User`;

[2024-01-06-13:55:33] [DEBUG] sql: Executing (default): SELECT CONSTRAINT_NAME as constraint_name,CONSTRAINT_NAME as constraintName,CONSTRAINT_SCHEMA as constraintSchema,CONSTRAINT_SCHEMA as constraintCatalog,TABLE_NAME as tableName,TABLE_SCHEMA as tableSchema,TABLE_SCHEMA as tableCatalog,COLUMN_NAME as columnName,REFERENCED_TABLE_SCHEMA as referencedTableSchema,REFERENCED_TABLE_SCHEMA as referencedTableCatalog,REFERENCED_TABLE_NAME as referencedTableName,REFERENCED_COLUMN_NAME as referencedColumnName FROM INFORMATION_SCHEMA.KEY_COLUMN_USAGE where TABLE_NAME = 'User' AND CONSTRAINT_NAME!='PRIMARY' AND CONSTRAINT_SCHEMA='global' AND REFERENCED_TABLE_NAME IS NOT NULL;

[2024-01-06-13:55:33] [DEBUG] sql: Executing (default): ALTER TABLE `User` CHANGE `name` `name` VARCHAR(255);

[2024-01-06-13:55:33] [DEBUG] sql: Executing (default): ALTER TABLE `User` CHANGE `age` `age` VARCHAR(255);

[2024-01-06-13:55:33] [DEBUG] sql: Executing (default): ALTER TABLE `User` CHANGE `address` `address` VARCHAR(255);

[2024-01-06-13:55:33] [DEBUG] sql: Executing (default): ALTER TABLE `User` CHANGE `createdAt` `createdAt` DATETIME DEFAULT CURRENT_TIMESTAMP;

[2024-01-06-13:55:33] [DEBUG] sql: Executing (default): ALTER TABLE `User` CHANGE `updatedAt` `updatedAt` DATETIME DEFAULT CURRENT_TIMESTAMP;

[2024-01-06-13:55:33] [DEBUG] sql: Executing (default): ALTER TABLE `User` CHANGE `deletedAt` `deletedAt` DATETIME;

[2024-01-06-13:55:33] [DEBUG] sql: Executing (default): SHOW INDEX FROM `User`

[2024-01-06-13:55:38] [DEBUG] sql: Executing (default): SELECT TABLE_NAME FROM INFORMATION_SCHEMA.TABLES WHERE TABLE_TYPE = 'BASE TABLE' AND TABLE_NAME = 'User' AND TABLE_SCHEMA = 'global'

[2024-01-06-13:55:38] [DEBUG] sql: Executing (default): SHOW FULL COLUMNS FROM `User`;

[2024-01-06-13:55:38] [DEBUG] sql: Executing (default): SELECT CONSTRAINT_NAME as constraint_name,CONSTRAINT_NAME as constraintName,CONSTRAINT_SCHEMA as constraintSchema,CONSTRAINT_SCHEMA as constraintCatalog,TABLE_NAME as tableName,TABLE_SCHEMA as tableSchema,TABLE_SCHEMA as tableCatalog,COLUMN_NAME as columnName,REFERENCED_TABLE_SCHEMA as referencedTableSchema,REFERENCED_TABLE_SCHEMA as referencedTableCatalog,REFERENCED_TABLE_NAME as referencedTableName,REFERENCED_COLUMN_NAME as referencedColumnName FROM INFORMATION_SCHEMA.KEY_COLUMN_USAGE where TABLE_NAME = 'User' AND CONSTRAINT_NAME!='PRIMARY' AND CONSTRAINT_SCHEMA='global' AND REFERENCED_TABLE_NAME IS NOT NULL;

[2024-01-06-13:55:38] [DEBUG] sql: Executing (default): ALTER TABLE `User` CHANGE `name` `name` VARCHAR(255);

[2024-01-06-13:55:38] [DEBUG] sql: Executing (default): ALTER TABLE `User` CHANGE `age` `age` VARCHAR(255);

[2024-01-06-13:55:38] [DEBUG] sql: Executing (default): ALTER TABLE `User` CHANGE `address` `address` VARCHAR(255);

[2024-01-06-13:55:38] [DEBUG] sql: Executing (default): ALTER TABLE `User` CHANGE `createdAt` `createdAt` DATETIME DEFAULT CURRENT_TIMESTAMP;

[2024-01-06-13:55:38] [DEBUG] sql: Executing (default): ALTER TABLE `User` CHANGE `updatedAt` `updatedAt` DATETIME DEFAULT CURRENT_TIMESTAMP;

[2024-01-06-13:55:38] [DEBUG] sql: Executing (default): ALTER TABLE `User` CHANGE `deletedAt` `deletedAt` DATETIME;

[2024-01-06-13:55:38] [DEBUG] sql: Executing (default): SHOW INDEX FROM `User`

[2024-01-06-13:55:53] [DEBUG] sql: Executing (default): SELECT TABLE_NAME FROM INFORMATION_SCHEMA.TABLES WHERE TABLE_TYPE = 'BASE TABLE' AND TABLE_NAME = 'User' AND TABLE_SCHEMA = 'global'

[2024-01-06-13:55:53] [DEBUG] sql: Executing (default): SHOW FULL COLUMNS FROM `User`;

[2024-01-06-13:55:53] [DEBUG] sql: Executing (default): SELECT CONSTRAINT_NAME as constraint_name,CONSTRAINT_NAME as constraintName,CONSTRAINT_SCHEMA as constraintSchema,CONSTRAINT_SCHEMA as constraintCatalog,TABLE_NAME as tableName,TABLE_SCHEMA as tableSchema,TABLE_SCHEMA as tableCatalog,COLUMN_NAME as columnName,REFERENCED_TABLE_SCHEMA as referencedTableSchema,REFERENCED_TABLE_SCHEMA as referencedTableCatalog,REFERENCED_TABLE_NAME as referencedTableName,REFERENCED_COLUMN_NAME as referencedColumnName FROM INFORMATION_SCHEMA.KEY_COLUMN_USAGE where TABLE_NAME = 'User' AND CONSTRAINT_NAME!='PRIMARY' AND CONSTRAINT_SCHEMA='global' AND REFERENCED_TABLE_NAME IS NOT NULL;

[2024-01-06-13:55:53] [DEBUG] sql: Executing (default): ALTER TABLE `User` CHANGE `name` `name` VARCHAR(255);

[2024-01-06-13:55:54] [DEBUG] sql: Executing (default): ALTER TABLE `User` CHANGE `age` `age` VARCHAR(255);

[2024-01-06-13:55:54] [DEBUG] sql: Executing (default): ALTER TABLE `User` CHANGE `address` `address` VARCHAR(255);

[2024-01-06-13:55:54] [DEBUG] sql: Executing (default): ALTER TABLE `User` CHANGE `createdAt` `createdAt` DATETIME DEFAULT CURRENT_TIMESTAMP;

[2024-01-06-13:55:54] [DEBUG] sql: Executing (default): ALTER TABLE `User` CHANGE `updatedAt` `updatedAt` DATETIME DEFAULT CURRENT_TIMESTAMP;

[2024-01-06-13:55:54] [DEBUG] sql: Executing (default): ALTER TABLE `User` CHANGE `deletedAt` `deletedAt` DATETIME;

[2024-01-06-13:55:54] [DEBUG] sql: Executing (default): SHOW INDEX FROM `User`

[2024-01-06-18:10:41] [DEBUG] sql: Executing (default): SELECT TABLE_NAME FROM INFORMATION_SCHEMA.TABLES WHERE TABLE_TYPE = 'BASE TABLE' AND TABLE_NAME = 'User' AND TABLE_SCHEMA = 'global'

[2024-01-06-18:10:41] [DEBUG] sql: Executing (default): SHOW FULL COLUMNS FROM `User`;

[2024-01-06-18:10:41] [DEBUG] sql: Executing (default): SELECT CONSTRAINT_NAME as constraint_name,CONSTRAINT_NAME as constraintName,CONSTRAINT_SCHEMA as constraintSchema,CONSTRAINT_SCHEMA as constraintCatalog,TABLE_NAME as tableName,TABLE_SCHEMA as tableSchema,TABLE_SCHEMA as tableCatalog,COLUMN_NAME as columnName,REFERENCED_TABLE_SCHEMA as referencedTableSchema,REFERENCED_TABLE_SCHEMA as referencedTableCatalog,REFERENCED_TABLE_NAME as referencedTableName,REFERENCED_COLUMN_NAME as referencedColumnName FROM INFORMATION_SCHEMA.KEY_COLUMN_USAGE where TABLE_NAME = 'User' AND CONSTRAINT_NAME!='PRIMARY' AND CONSTRAINT_SCHEMA='global' AND REFERENCED_TABLE_NAME IS NOT NULL;

[2024-01-06-18:10:41] [DEBUG] sql: Executing (default): ALTER TABLE `User` CHANGE `name` `name` VARCHAR(255);

[2024-01-06-18:10:41] [DEBUG] sql: Executing (default): ALTER TABLE `User` CHANGE `age` `age` VARCHAR(255);

[2024-01-06-18:10:41] [DEBUG] sql: Executing (default): ALTER TABLE `User` CHANGE `address` `address` VARCHAR(255);

[2024-01-06-18:10:41] [DEBUG] sql: Executing (default): ALTER TABLE `User` CHANGE `createdAt` `createdAt` DATETIME DEFAULT CURRENT_TIMESTAMP;

[2024-01-06-18:10:41] [DEBUG] sql: Executing (default): ALTER TABLE `User` CHANGE `updatedAt` `updatedAt` DATETIME DEFAULT CURRENT_TIMESTAMP;

[2024-01-06-18:10:41] [DEBUG] sql: Executing (default): ALTER TABLE `User` CHANGE `deletedAt` `deletedAt` DATETIME;

[2024-01-06-18:10:41] [DEBUG] sql: Executing (default): SHOW INDEX FROM `User`

[2024-01-06-18:10:59] [DEBUG] sql: Executing (default): SELECT TABLE_NAME FROM INFORMATION_SCHEMA.TABLES WHERE TABLE_TYPE = 'BASE TABLE' AND TABLE_NAME = 'User' AND TABLE_SCHEMA = 'global'

[2024-01-06-18:10:59] [DEBUG] sql: Executing (default): SHOW FULL COLUMNS FROM `User`;

[2024-01-06-18:10:59] [DEBUG] sql: Executing (default): SELECT CONSTRAINT_NAME as constraint_name,CONSTRAINT_NAME as constraintName,CONSTRAINT_SCHEMA as constraintSchema,CONSTRAINT_SCHEMA as constraintCatalog,TABLE_NAME as tableName,TABLE_SCHEMA as tableSchema,TABLE_SCHEMA as tableCatalog,COLUMN_NAME as columnName,REFERENCED_TABLE_SCHEMA as referencedTableSchema,REFERENCED_TABLE_SCHEMA as referencedTableCatalog,REFERENCED_TABLE_NAME as referencedTableName,REFERENCED_COLUMN_NAME as referencedColumnName FROM INFORMATION_SCHEMA.KEY_COLUMN_USAGE where TABLE_NAME = 'User' AND CONSTRAINT_NAME!='PRIMARY' AND CONSTRAINT_SCHEMA='global' AND REFERENCED_TABLE_NAME IS NOT NULL;

[2024-01-06-18:10:59] [DEBUG] sql: Executing (default): ALTER TABLE `User` CHANGE `name` `name` VARCHAR(255);

[2024-01-06-18:10:59] [DEBUG] sql: Executing (default): ALTER TABLE `User` CHANGE `age` `age` VARCHAR(255);

[2024-01-06-18:10:59] [DEBUG] sql: Executing (default): ALTER TABLE `User` CHANGE `address` `address` VARCHAR(255);

[2024-01-06-18:10:59] [DEBUG] sql: Executing (default): ALTER TABLE `User` CHANGE `createdAt` `createdAt` DATETIME DEFAULT CURRENT_TIMESTAMP;

[2024-01-06-18:10:59] [DEBUG] sql: Executing (default): ALTER TABLE `User` CHANGE `updatedAt` `updatedAt` DATETIME DEFAULT CURRENT_TIMESTAMP;

[2024-01-06-18:10:59] [DEBUG] sql: Executing (default): ALTER TABLE `User` CHANGE `deletedAt` `deletedAt` DATETIME;

[2024-01-06-18:10:59] [DEBUG] sql: Executing (default): SHOW INDEX FROM `User`

[2024-01-06-18:11:08] [DEBUG] sql: Executing (default): SELECT TABLE_NAME FROM INFORMATION_SCHEMA.TABLES WHERE TABLE_TYPE = 'BASE TABLE' AND TABLE_NAME = 'User' AND TABLE_SCHEMA = 'global'

[2024-01-06-18:11:08] [DEBUG] sql: Executing (default): SHOW FULL COLUMNS FROM `User`;

[2024-01-06-18:11:08] [DEBUG] sql: Executing (default): SELECT CONSTRAINT_NAME as constraint_name,CONSTRAINT_NAME as constraintName,CONSTRAINT_SCHEMA as constraintSchema,CONSTRAINT_SCHEMA as constraintCatalog,TABLE_NAME as tableName,TABLE_SCHEMA as tableSchema,TABLE_SCHEMA as tableCatalog,COLUMN_NAME as columnName,REFERENCED_TABLE_SCHEMA as referencedTableSchema,REFERENCED_TABLE_SCHEMA as referencedTableCatalog,REFERENCED_TABLE_NAME as referencedTableName,REFERENCED_COLUMN_NAME as referencedColumnName FROM INFORMATION_SCHEMA.KEY_COLUMN_USAGE where TABLE_NAME = 'User' AND CONSTRAINT_NAME!='PRIMARY' AND CONSTRAINT_SCHEMA='global' AND REFERENCED_TABLE_NAME IS NOT NULL;

[2024-01-06-18:11:08] [DEBUG] sql: Executing (default): ALTER TABLE `User` CHANGE `name` `name` VARCHAR(255);

[2024-01-06-18:11:08] [DEBUG] sql: Executing (default): ALTER TABLE `User` CHANGE `age` `age` VARCHAR(255);

[2024-01-06-18:11:08] [DEBUG] sql: Executing (default): ALTER TABLE `User` CHANGE `address` `address` VARCHAR(255);

[2024-01-06-18:11:08] [DEBUG] sql: Executing (default): ALTER TABLE `User` CHANGE `createdAt` `createdAt` DATETIME DEFAULT CURRENT_TIMESTAMP;

[2024-01-06-18:11:08] [DEBUG] sql: Executing (default): ALTER TABLE `User` CHANGE `updatedAt` `updatedAt` DATETIME DEFAULT CURRENT_TIMESTAMP;

[2024-01-06-18:11:08] [DEBUG] sql: Executing (default): ALTER TABLE `User` CHANGE `deletedAt` `deletedAt` DATETIME;

[2024-01-06-18:11:08] [DEBUG] sql: Executing (default): SHOW INDEX FROM `User`

[2024-01-06-18:14:37] [DEBUG] sql: Executing (default): SELECT TABLE_NAME FROM INFORMATION_SCHEMA.TABLES WHERE TABLE_TYPE = 'BASE TABLE' AND TABLE_NAME = 'User' AND TABLE_SCHEMA = 'global'

[2024-01-06-18:14:37] [DEBUG] sql: Executing (default): SHOW FULL COLUMNS FROM `User`;

[2024-01-06-18:14:37] [DEBUG] sql: Executing (default): SELECT CONSTRAINT_NAME as constraint_name,CONSTRAINT_NAME as constraintName,CONSTRAINT_SCHEMA as constraintSchema,CONSTRAINT_SCHEMA as constraintCatalog,TABLE_NAME as tableName,TABLE_SCHEMA as tableSchema,TABLE_SCHEMA as tableCatalog,COLUMN_NAME as columnName,REFERENCED_TABLE_SCHEMA as referencedTableSchema,REFERENCED_TABLE_SCHEMA as referencedTableCatalog,REFERENCED_TABLE_NAME as referencedTableName,REFERENCED_COLUMN_NAME as referencedColumnName FROM INFORMATION_SCHEMA.KEY_COLUMN_USAGE where TABLE_NAME = 'User' AND CONSTRAINT_NAME!='PRIMARY' AND CONSTRAINT_SCHEMA='global' AND REFERENCED_TABLE_NAME IS NOT NULL;

[2024-01-06-18:14:37] [DEBUG] sql: Executing (default): ALTER TABLE `User` CHANGE `name` `name` VARCHAR(255);

[2024-01-06-18:14:37] [DEBUG] sql: Executing (default): ALTER TABLE `User` CHANGE `age` `age` VARCHAR(255);

[2024-01-06-18:14:37] [DEBUG] sql: Executing (default): ALTER TABLE `User` CHANGE `address` `address` VARCHAR(255);

[2024-01-06-18:14:37] [DEBUG] sql: Executing (default): ALTER TABLE `User` CHANGE `createdAt` `createdAt` DATETIME DEFAULT CURRENT_TIMESTAMP;

[2024-01-06-18:14:37] [DEBUG] sql: Executing (default): ALTER TABLE `User` CHANGE `updatedAt` `updatedAt` DATETIME DEFAULT CURRENT_TIMESTAMP;

[2024-01-06-18:14:37] [DEBUG] sql: Executing (default): ALTER TABLE `User` CHANGE `deletedAt` `deletedAt` DATETIME;

[2024-01-06-18:14:37] [DEBUG] sql: Executing (default): SHOW INDEX FROM `User`

